Using pre-set license
Built from '2021.2/staging' branch; Version is '2021.2.18f1 (0c6e675195cf) revision 814695'; Using compiler version '192829333'; Build Type 'Release'
OS: 'Windows 11  (10.0.22000) 64bit Core' Language: 'en' Physical Memory: 32690 MB
BatchMode: 1, IsHumanControllingUs: 0, StartBugReporterOnCrash: 0, Is64bit: 1, IsPro: 1

COMMAND LINE ARGUMENTS:
C:\Program Files\Unity\Hub\Editor\2021.2.18f1\Editor\Unity.exe
-adb2
-batchMode
-noUpm
-name
AssetImportWorker2
-projectPath
C:/Users/Nathan/UNRLD50
-logFile
Logs/AssetImportWorker2.log
-srvPort
57548
Successfully changed project path to: C:/Users/Nathan/UNRLD50
C:/Users/Nathan/UNRLD50
[UnityMemory] Configuration Parameters - Can be set up in boot.config
    "memorysetup-bucket-allocator-granularity=16"
    "memorysetup-bucket-allocator-bucket-count=8"
    "memorysetup-bucket-allocator-block-size=33554432"
    "memorysetup-bucket-allocator-block-count=8"
    "memorysetup-main-allocator-block-size=16777216"
    "memorysetup-thread-allocator-block-size=16777216"
    "memorysetup-gfx-main-allocator-block-size=16777216"
    "memorysetup-gfx-thread-allocator-block-size=16777216"
    "memorysetup-cache-allocator-block-size=4194304"
    "memorysetup-typetree-allocator-block-size=2097152"
    "memorysetup-profiler-bucket-allocator-granularity=16"
    "memorysetup-profiler-bucket-allocator-bucket-count=8"
    "memorysetup-profiler-bucket-allocator-block-size=33554432"
    "memorysetup-profiler-bucket-allocator-block-count=8"
    "memorysetup-profiler-allocator-block-size=16777216"
    "memorysetup-profiler-editor-allocator-block-size=1048576"
    "memorysetup-temp-allocator-size-main=16777216"
    "memorysetup-job-temp-allocator-block-size=2097152"
    "memorysetup-job-temp-allocator-block-size-background=1048576"
    "memorysetup-job-temp-allocator-reduction-small-platforms=262144"
    "memorysetup-temp-allocator-size-background-worker=32768"
    "memorysetup-temp-allocator-size-job-worker=262144"
    "memorysetup-temp-allocator-size-preload-manager=33554432"
    "memorysetup-temp-allocator-size-nav-mesh-worker=65536"
    "memorysetup-temp-allocator-size-audio-worker=65536"
    "memorysetup-temp-allocator-size-cloud-worker=32768"
    "memorysetup-temp-allocator-size-gi-baking-worker=262144"
    "memorysetup-temp-allocator-size-gfx=262144"
Refreshing native plugins compatible for Editor in 27.08 ms, found 3 plugins.
Preloading 0 native plugins for Editor in 0.00 ms.
Initialize engine version: 2021.2.18f1 (0c6e675195cf)
[Subsystems] Discovering subsystems at path C:/Program Files/Unity/Hub/Editor/2021.2.18f1/Editor/Data/Resources/UnitySubsystems
[Subsystems] Discovering subsystems at path C:/Users/Nathan/UNRLD50/Assets
GfxDevice: creating device client; threaded=0; jobified=0
Direct3D:
    Version:  Direct3D 11.0 [level 11.1]
    Renderer: NVIDIA GeForce RTX 2070 (ID=0x1f02)
    Vendor:   NVIDIA
    VRAM:     8031 MB
    Driver:   30.0.14.9649
Initialize mono
Mono path[0] = 'C:/Program Files/Unity/Hub/Editor/2021.2.18f1/Editor/Data/Managed'
Mono path[1] = 'C:/Program Files/Unity/Hub/Editor/2021.2.18f1/Editor/Data/MonoBleedingEdge/lib/mono/unityjit-win32'
Mono config path = 'C:/Program Files/Unity/Hub/Editor/2021.2.18f1/Editor/Data/MonoBleedingEdge/etc'
Using monoOptions --debugger-agent=transport=dt_socket,embedding=1,server=y,suspend=n,address=127.0.0.1:56732
Begin MonoManager ReloadAssembly
Registering precompiled unity dll's ...
Register platform support module: C:/Program Files/Unity/Hub/Editor/2021.2.18f1/Editor/Data/PlaybackEngines/WebGLSupport/UnityEditor.WebGL.Extensions.dll
Register platform support module: C:/Program Files/Unity/Hub/Editor/2021.2.18f1/Editor/Data/PlaybackEngines/WindowsStandaloneSupport/UnityEditor.WindowsStandalone.Extensions.dll
Registered in 0.003418 seconds.
Native extension for WindowsStandalone target not found
Native extension for WebGL target not found
Refreshing native plugins compatible for Editor in 26.56 ms, found 3 plugins.
Preloading 0 native plugins for Editor in 0.00 ms.
Mono: successfully reloaded assembly
- Completed reload, in  0.401 seconds
Domain Reload Profiling:
	ReloadAssembly (401ms)
		BeginReloadAssembly (48ms)
			ExecutionOrderSort (0ms)
			DisableScriptedObjects (0ms)
			BackupInstance (0ms)
			ReleaseScriptingObjects (0ms)
			CreateAndSetChildDomain (1ms)
		EndReloadAssembly (282ms)
			LoadAssemblies (47ms)
			RebuildTransferFunctionScriptingTraits (0ms)
			SetupTypeCache (65ms)
			ReleaseScriptCaches (0ms)
			RebuildScriptCaches (20ms)
			SetupLoadedEditorAssemblies (163ms)
				LogAssemblyErrors (0ms)
				InitializePlatformSupportModulesInManaged (6ms)
				SetLoadedEditorAssemblies (0ms)
				RefreshPlugins (27ms)
				BeforeProcessingInitializeOnLoad (1ms)
				ProcessInitializeOnLoadAttributes (98ms)
				ProcessInitializeOnLoadMethodAttributes (32ms)
				AfterProcessingInitializeOnLoad (0ms)
				EditorAssembliesLoaded (0ms)
			ExecutionOrderSort2 (0ms)
			AwakeInstancesAfterBackupRestoration (0ms)
Platform modules already initialized, skipping
Registering precompiled user dll's ...
Registered in 0.002787 seconds.
Begin MonoManager ReloadAssembly
Native extension for WindowsStandalone target not found
Native extension for WebGL target not found
Refreshing native plugins compatible for Editor in 26.30 ms, found 3 plugins.
Preloading 0 native plugins for Editor in 0.00 ms.
Mono: successfully reloaded assembly
- Completed reload, in  0.815 seconds
Domain Reload Profiling:
	ReloadAssembly (815ms)
		BeginReloadAssembly (75ms)
			ExecutionOrderSort (0ms)
			DisableScriptedObjects (4ms)
			BackupInstance (0ms)
			ReleaseScriptingObjects (0ms)
			CreateAndSetChildDomain (16ms)
		EndReloadAssembly (665ms)
			LoadAssemblies (50ms)
			RebuildTransferFunctionScriptingTraits (0ms)
			SetupTypeCache (121ms)
			ReleaseScriptCaches (0ms)
			RebuildScriptCaches (36ms)
			SetupLoadedEditorAssemblies (422ms)
				LogAssemblyErrors (0ms)
				InitializePlatformSupportModulesInManaged (4ms)
				SetLoadedEditorAssemblies (0ms)
				RefreshPlugins (26ms)
				BeforeProcessingInitializeOnLoad (45ms)
				ProcessInitializeOnLoadAttributes (316ms)
				ProcessInitializeOnLoadMethodAttributes (25ms)
				AfterProcessingInitializeOnLoad (5ms)
				EditorAssembliesLoaded (0ms)
			ExecutionOrderSort2 (0ms)
			AwakeInstancesAfterBackupRestoration (5ms)
Platform modules already initialized, skipping
========================================================================
Worker process is ready to serve import requests
Launched and connected shader compiler UnityShaderCompiler.exe after 0.03 seconds
Refreshing native plugins compatible for Editor in 0.54 ms, found 3 plugins.
Preloading 0 native plugins for Editor in 0.00 ms.
Unloading 2348 Unused Serialized files (Serialized files now loaded: 0)
Unloading 30 unused Assets / (55.9 KB). Loaded Objects now: 2826.
Memory consumption went from 183.6 MB to 183.5 MB.
Total: 2.858900 ms (FindLiveObjects: 0.178000 ms CreateObjectMapping: 0.059000 ms MarkObjects: 2.563400 ms  DeleteObjects: 0.057800 ms)

AssetImportParameters requested are different than current active one (requested -> active):
  custom:video-decoder-ogg-theora: a1e56fd34408186e4bbccfd4996cb3dc -> 
  custom:container-muxer-webm: aa71ff27fc2769a1b78a27578f13a17b -> 
  custom:container-demuxer-webm: 4f35f7cbe854078d1ac9338744f61a02 -> 
  custom:video-encoder-webm-vp8: eb34c28f22e8b96e1ab97ce403110664 -> 
  custom:audio-encoder-webm-vorbis: bf7c407c2cedff20999df2af8eb42d56 -> 
  custom:framework-win-MediaFoundation: 216162199b28c13a410421893ffa2e32 -> 
  custom:container-demuxer-ogg: 62fdf1f143b41e24485cea50d1cbac27 -> 
  custom:video-decoder-webm-vp8: 9c59270c3fd7afecdb556c50c9e8de78 -> 
  custom:audio-decoder-ogg-vorbis: bf7c407c2cedff20999df2af8eb42d56 -> 
========================================================================
Received Prepare
Refreshing native plugins compatible for Editor in 2.88 ms, found 3 plugins.
Preloading 0 native plugins for Editor in 0.00 ms.
Unloading 17 Unused Serialized files (Serialized files now loaded: 0)
Unloading 17 unused Assets / (21.9 KB). Loaded Objects now: 2826.
Memory consumption went from 136.2 MB to 136.2 MB.
Total: 2.974100 ms (FindLiveObjects: 0.203200 ms CreateObjectMapping: 0.058000 ms MarkObjects: 2.699800 ms  DeleteObjects: 0.012500 ms)

AssetImportParameters requested are different than current active one (requested -> active):
  custom:video-decoder-ogg-theora: a1e56fd34408186e4bbccfd4996cb3dc -> 
  custom:container-muxer-webm: aa71ff27fc2769a1b78a27578f13a17b -> 
  custom:container-demuxer-webm: 4f35f7cbe854078d1ac9338744f61a02 -> 
  custom:video-encoder-webm-vp8: eb34c28f22e8b96e1ab97ce403110664 -> 
  custom:audio-encoder-webm-vorbis: bf7c407c2cedff20999df2af8eb42d56 -> 
  custom:framework-win-MediaFoundation: 216162199b28c13a410421893ffa2e32 -> 
  custom:container-demuxer-ogg: 62fdf1f143b41e24485cea50d1cbac27 -> 
  custom:video-decoder-webm-vp8: 9c59270c3fd7afecdb556c50c9e8de78 -> 
  custom:audio-decoder-ogg-vorbis: bf7c407c2cedff20999df2af8eb42d56 -> 
========================================================================
Received Import Request.
  Time since last request: 250544.512193 seconds.
  path: Assets/Scenes/Levels/Main Menu.unity
  artifactKey: Guid(de0aaa8301ba143449e1d00f27c5ebf0) Importer(815301076,1909f56bfc062723c751e8b465ee728b)
Start importing Assets/Scenes/Levels/Main Menu.unity using Guid(de0aaa8301ba143449e1d00f27c5ebf0) Importer(815301076,1909f56bfc062723c751e8b465ee728b)  -> (artifact id: 'd7a233e40f9bf2d80acbd30571329a37') in 0.006751 seconds 
========================================================================
Received Import Request.
  Time since last request: 6.720042 seconds.
  path: Assets/Scenes/Levels/Persist.unity
  artifactKey: Guid(68720dd0c07ceac4f9992fb5b66449b2) Importer(815301076,1909f56bfc062723c751e8b465ee728b)
Start importing Assets/Scenes/Levels/Persist.unity using Guid(68720dd0c07ceac4f9992fb5b66449b2) Importer(815301076,1909f56bfc062723c751e8b465ee728b)  -> (artifact id: '6fa9abc0881a39d00a47b0ea5328e9da') in 0.013873 seconds 
========================================================================
Received Prepare
Refreshing native plugins compatible for Editor in 2.46 ms, found 3 plugins.
Preloading 0 native plugins for Editor in 0.00 ms.
Unloading 17 Unused Serialized files (Serialized files now loaded: 0)
Unloading 17 unused Assets / (21.9 KB). Loaded Objects now: 2826.
Memory consumption went from 136.2 MB to 136.2 MB.
Total: 3.121700 ms (FindLiveObjects: 0.180800 ms CreateObjectMapping: 0.076700 ms MarkObjects: 2.853800 ms  DeleteObjects: 0.010000 ms)

AssetImportParameters requested are different than current active one (requested -> active):
  custom:video-decoder-ogg-theora: a1e56fd34408186e4bbccfd4996cb3dc -> 
  custom:container-muxer-webm: aa71ff27fc2769a1b78a27578f13a17b -> 
  custom:container-demuxer-webm: 4f35f7cbe854078d1ac9338744f61a02 -> 
  custom:video-encoder-webm-vp8: eb34c28f22e8b96e1ab97ce403110664 -> 
  custom:audio-encoder-webm-vorbis: bf7c407c2cedff20999df2af8eb42d56 -> 
  custom:framework-win-MediaFoundation: 216162199b28c13a410421893ffa2e32 -> 
  custom:container-demuxer-ogg: 62fdf1f143b41e24485cea50d1cbac27 -> 
  custom:video-decoder-webm-vp8: 9c59270c3fd7afecdb556c50c9e8de78 -> 
  custom:audio-decoder-ogg-vorbis: bf7c407c2cedff20999df2af8eb42d56 -> 
========================================================================
Received Prepare
Refreshing native plugins compatible for Editor in 4.22 ms, found 3 plugins.
Preloading 0 native plugins for Editor in 0.00 ms.
Unloading 17 Unused Serialized files (Serialized files now loaded: 0)
Unloading 17 unused Assets / (21.9 KB). Loaded Objects now: 2826.
Memory consumption went from 136.2 MB to 136.2 MB.
Total: 3.666400 ms (FindLiveObjects: 0.214200 ms CreateObjectMapping: 0.105000 ms MarkObjects: 3.334200 ms  DeleteObjects: 0.012300 ms)

AssetImportParameters requested are different than current active one (requested -> active):
  custom:video-decoder-ogg-theora: a1e56fd34408186e4bbccfd4996cb3dc -> 
  custom:container-muxer-webm: aa71ff27fc2769a1b78a27578f13a17b -> 
  custom:container-demuxer-webm: 4f35f7cbe854078d1ac9338744f61a02 -> 
  custom:video-encoder-webm-vp8: eb34c28f22e8b96e1ab97ce403110664 -> 
  custom:audio-encoder-webm-vorbis: bf7c407c2cedff20999df2af8eb42d56 -> 
  custom:framework-win-MediaFoundation: 216162199b28c13a410421893ffa2e32 -> 
  custom:container-demuxer-ogg: 62fdf1f143b41e24485cea50d1cbac27 -> 
  custom:video-decoder-webm-vp8: 9c59270c3fd7afecdb556c50c9e8de78 -> 
  custom:audio-decoder-ogg-vorbis: bf7c407c2cedff20999df2af8eb42d56 -> 
========================================================================
Received Import Request.
  Time since last request: 6839.926959 seconds.
  path: Assets/Art/Level/Fire_Particle.png
  artifactKey: Guid(ad4db61b2d150c84bbcfb16019018a53) Importer(815301076,1909f56bfc062723c751e8b465ee728b)
Start importing Assets/Art/Level/Fire_Particle.png using Guid(ad4db61b2d150c84bbcfb16019018a53) Importer(815301076,1909f56bfc062723c751e8b465ee728b)  -> (artifact id: '8d17f34d34b52abdbf4d3dc356395661') in 0.084583 seconds 
========================================================================
Received Import Request.
  Time since last request: 1.800927 seconds.
  path: Assets/Art/Level/Buttons/Button_Pressed.png
  artifactKey: Guid(bd28b3d86eba04d4f9292c736ea5c3e6) Importer(815301076,1909f56bfc062723c751e8b465ee728b)
Start importing Assets/Art/Level/Buttons/Button_Pressed.png using Guid(bd28b3d86eba04d4f9292c736ea5c3e6) Importer(815301076,1909f56bfc062723c751e8b465ee728b)  -> (artifact id: 'b0bc434b19554531c58417b904e0bfed') in 0.014283 seconds 
========================================================================
Received Import Request.
  Time since last request: 0.006535 seconds.
  path: Assets/Art/Level/Buttons/Button_Pressed_Red.png
  artifactKey: Guid(636ed319282426841b1192021ef98844) Importer(815301076,1909f56bfc062723c751e8b465ee728b)
Start importing Assets/Art/Level/Buttons/Button_Pressed_Red.png using Guid(636ed319282426841b1192021ef98844) Importer(815301076,1909f56bfc062723c751e8b465ee728b)  -> (artifact id: '62645bff611ef4baf929c7307658a15e') in 0.014109 seconds 
========================================================================
Received Import Request.
  Time since last request: 0.000017 seconds.
  path: Assets/Art/Level/Buttons/Button_Unpressed_Blue.png
  artifactKey: Guid(278d840ffdfa9844a957b4770a25bdec) Importer(815301076,1909f56bfc062723c751e8b465ee728b)
Start importing Assets/Art/Level/Buttons/Button_Unpressed_Blue.png using Guid(278d840ffdfa9844a957b4770a25bdec) Importer(815301076,1909f56bfc062723c751e8b465ee728b)  -> (artifact id: 'a0c627ab63433ccf5963bb21ba2c2bc2') in 0.080209 seconds 
========================================================================
Received Import Request.
  Time since last request: 0.000017 seconds.
  path: Assets/Art/Level/Buttons/Button_Pressed_Yellow.png
  artifactKey: Guid(2b97b66be8679d841bf3beef59de5deb) Importer(815301076,1909f56bfc062723c751e8b465ee728b)
Start importing Assets/Art/Level/Buttons/Button_Pressed_Yellow.png using Guid(2b97b66be8679d841bf3beef59de5deb) Importer(815301076,1909f56bfc062723c751e8b465ee728b)  -> (artifact id: 'ebea710d8b2bc9fb55604449430a39bd') in 0.012069 seconds 
========================================================================
Received Import Request.
  Time since last request: 6.433781 seconds.
  path: Assets/Art/Level/Buttons/Button_Pressed.png
  artifactKey: Guid(bd28b3d86eba04d4f9292c736ea5c3e6) Importer(815301076,1909f56bfc062723c751e8b465ee728b)
Start importing Assets/Art/Level/Buttons/Button_Pressed.png using Guid(bd28b3d86eba04d4f9292c736ea5c3e6) Importer(815301076,1909f56bfc062723c751e8b465ee728b)  -> (artifact id: '2080eb9186e7c97ad17b19a231d7f05a') in 0.010688 seconds 
========================================================================
Received Import Request.
  Time since last request: 0.000015 seconds.
  path: Assets/Art/Level/Buttons/Button_Unpressed.png
  artifactKey: Guid(ad7d88a55c2c4d04c9e1c0bca38a71c3) Importer(815301076,1909f56bfc062723c751e8b465ee728b)
Start importing Assets/Art/Level/Buttons/Button_Unpressed.png using Guid(ad7d88a55c2c4d04c9e1c0bca38a71c3) Importer(815301076,1909f56bfc062723c751e8b465ee728b)  -> (artifact id: 'dea7b90e37222ba0363fd838bf5ccc95') in 0.010645 seconds 
========================================================================
Received Import Request.
  Time since last request: 0.000017 seconds.
  path: Assets/Art/Level/Buttons/Button_Unpressed_Blue.png
  artifactKey: Guid(278d840ffdfa9844a957b4770a25bdec) Importer(815301076,1909f56bfc062723c751e8b465ee728b)
Start importing Assets/Art/Level/Buttons/Button_Unpressed_Blue.png using Guid(278d840ffdfa9844a957b4770a25bdec) Importer(815301076,1909f56bfc062723c751e8b465ee728b)  -> (artifact id: 'f615c9e31a5edcbfe8cb5202c2672f2c') in 0.012188 seconds 
========================================================================
Received Import Request.
  Time since last request: 0.000086 seconds.
  path: Assets/Art/Level/Buttons/Button_Unpressed_Red.png
  artifactKey: Guid(0f1928e3b139af440aebcf2af0c008f1) Importer(815301076,1909f56bfc062723c751e8b465ee728b)
Start importing Assets/Art/Level/Buttons/Button_Unpressed_Red.png using Guid(0f1928e3b139af440aebcf2af0c008f1) Importer(815301076,1909f56bfc062723c751e8b465ee728b)  -> (artifact id: '2bce0a2c90dc9dd53d5a6bcac33c21a8') in 0.017837 seconds 
========================================================================
Received Import Request.
  Time since last request: 0.000024 seconds.
  path: Assets/Art/Level/Buttons/Button_Unpressed_Yellow.png
  artifactKey: Guid(49d39e550ba9d654b86fe1891f22b53f) Importer(815301076,1909f56bfc062723c751e8b465ee728b)
Start importing Assets/Art/Level/Buttons/Button_Unpressed_Yellow.png using Guid(49d39e550ba9d654b86fe1891f22b53f) Importer(815301076,1909f56bfc062723c751e8b465ee728b)  -> (artifact id: 'a92f50a042fc1b6eca794c4e994aa2a7') in 0.017151 seconds 
========================================================================
Received Import Request.
  Time since last request: 2.767394 seconds.
  path: Assets/Art/Level/Flame_Shooter
  artifactKey: Guid(9bd1c6b2280cafb48b73944c1f0007f4) Importer(815301076,1909f56bfc062723c751e8b465ee728b)
Start importing Assets/Art/Level/Flame_Shooter using Guid(9bd1c6b2280cafb48b73944c1f0007f4) Importer(815301076,1909f56bfc062723c751e8b465ee728b)  -> (artifact id: '2e50a51cff5cf2f6527a0bb0c16086fa') in 0.003531 seconds 
========================================================================
Received Import Request.
  Time since last request: 0.046521 seconds.
  path: Assets/Art/Level/Flame_Shooter/Flame_Shooter_Black.png
  artifactKey: Guid(1dfeee7a2ccad2f48bc4e36bbe12a417) Importer(815301076,1909f56bfc062723c751e8b465ee728b)
Start importing Assets/Art/Level/Flame_Shooter/Flame_Shooter_Black.png using Guid(1dfeee7a2ccad2f48bc4e36bbe12a417) Importer(815301076,1909f56bfc062723c751e8b465ee728b)  -> (artifact id: '0e7a210bf0023c4322cce302727e8ba9') in 0.013241 seconds 
========================================================================
Received Import Request.
  Time since last request: 0.000013 seconds.
  path: Assets/Art/Level/Flame_Shooter/Flame_Shooter_Red.png
  artifactKey: Guid(14adc4e3a2f7140498132db290033660) Importer(815301076,1909f56bfc062723c751e8b465ee728b)
Start importing Assets/Art/Level/Flame_Shooter/Flame_Shooter_Red.png using Guid(14adc4e3a2f7140498132db290033660) Importer(815301076,1909f56bfc062723c751e8b465ee728b)  -> (artifact id: '05dcd0af1c18f1f2dd1043dc5bdb8cc3') in 0.016165 seconds 
========================================================================
Received Import Request.
  Time since last request: 3.767031 seconds.
  path: Assets/Art/Level/Flame_Shooter/Flame_Shooter_Blue.png
  artifactKey: Guid(14ebf169ddfea3a4d91aa6e1014eb23f) Importer(815301076,1909f56bfc062723c751e8b465ee728b)
Start importing Assets/Art/Level/Flame_Shooter/Flame_Shooter_Blue.png using Guid(14ebf169ddfea3a4d91aa6e1014eb23f) Importer(815301076,1909f56bfc062723c751e8b465ee728b)  -> (artifact id: '9c98a6a6ee16d7dd46c7b23782db6ce8') in 0.009942 seconds 
========================================================================
Received Import Request.
  Time since last request: 0.000016 seconds.
  path: Assets/Art/Level/Flame_Shooter/Flame_Shooter_Yellow.png
  artifactKey: Guid(b5f8a8df0a236ca41963d06cdaa4ce98) Importer(815301076,1909f56bfc062723c751e8b465ee728b)
Start importing Assets/Art/Level/Flame_Shooter/Flame_Shooter_Yellow.png using Guid(b5f8a8df0a236ca41963d06cdaa4ce98) Importer(815301076,1909f56bfc062723c751e8b465ee728b)  -> (artifact id: 'a8a6c65e9bb372838b4f0ef6d5c4f5b7') in 0.009305 seconds 
========================================================================
Received Import Request.
  Time since last request: 1.229235 seconds.
  path: Assets/Art/Level/Tiles/OffCameraWalls.png
  artifactKey: Guid(e060122c35f6dd641a4477e2e21fb71d) Importer(815301076,1909f56bfc062723c751e8b465ee728b)
Start importing Assets/Art/Level/Tiles/OffCameraWalls.png using Guid(e060122c35f6dd641a4477e2e21fb71d) Importer(815301076,1909f56bfc062723c751e8b465ee728b)  -> (artifact id: 'db693c77d9459ad199031c8e3234a411') in 0.011173 seconds 
========================================================================
Received Import Request.
  Time since last request: 0.000020 seconds.
  path: Assets/Art/Level/Tiles/Temp.prefab
  artifactKey: Guid(dfd3f687f5a5d454faf0fbccc8fa1916) Importer(815301076,1909f56bfc062723c751e8b465ee728b)
Start importing Assets/Art/Level/Tiles/Temp.prefab using Guid(dfd3f687f5a5d454faf0fbccc8fa1916) Importer(815301076,1909f56bfc062723c751e8b465ee728b)  -> (artifact id: 'a76ad0825df25e8b5d566d9b98378df0') in 0.033477 seconds 
========================================================================
Received Import Request.
  Time since last request: 6.002023 seconds.
  path: Assets/Art/Level/Tiles/OffCameraWalls.asset
  artifactKey: Guid(e2831f0a470c512409b33258c54aa498) Importer(815301076,1909f56bfc062723c751e8b465ee728b)
Start importing Assets/Art/Level/Tiles/OffCameraWalls.asset using Guid(e2831f0a470c512409b33258c54aa498) Importer(815301076,1909f56bfc062723c751e8b465ee728b)  -> (artifact id: '0517f7c0338c047a0f1db73041981534') in 0.010207 seconds 
========================================================================
Received Import Request.
  Time since last request: 0.000016 seconds.
  path: Assets/Art/Level/Tiles/Water_Hold.asset
  artifactKey: Guid(79fae7ac4e7beba4ab5ca879e1f3bbf7) Importer(815301076,1909f56bfc062723c751e8b465ee728b)
Start importing Assets/Art/Level/Tiles/Water_Hold.asset using Guid(79fae7ac4e7beba4ab5ca879e1f3bbf7) Importer(815301076,1909f56bfc062723c751e8b465ee728b)  -> (artifact id: '2e22dbb316546c95ee4b498aaf99e55a') in 0.007476 seconds 
========================================================================
Received Import Request.
  Time since last request: 4.450783 seconds.
  path: Assets/Art/UI/Water-Particle.png
  artifactKey: Guid(4c13f7d31a440fb49a03ba3e80ff3c34) Importer(815301076,1909f56bfc062723c751e8b465ee728b)
Start importing Assets/Art/UI/Water-Particle.png using Guid(4c13f7d31a440fb49a03ba3e80ff3c34) Importer(815301076,1909f56bfc062723c751e8b465ee728b)  -> (artifact id: '4a9692e0105a9e6584a78133df6d621f') in 0.013845 seconds 
========================================================================
Received Import Request.
  Time since last request: 5.526488 seconds.
  path: Assets/Art/UI/Water-Particle.png
  artifactKey: Guid(4c13f7d31a440fb49a03ba3e80ff3c34) Importer(815301076,1909f56bfc062723c751e8b465ee728b)
Start importing Assets/Art/UI/Water-Particle.png using Guid(4c13f7d31a440fb49a03ba3e80ff3c34) Importer(815301076,1909f56bfc062723c751e8b465ee728b)  -> (artifact id: 'bdd391f6f705fa4c2d4f410293f2c05c') in 0.009566 seconds 
========================================================================
Received Prepare
Refreshing native plugins compatible for Editor in 2.41 ms, found 3 plugins.
Preloading 0 native plugins for Editor in 0.00 ms.
Unloading 17 Unused Serialized files (Serialized files now loaded: 0)
Unloading 17 unused Assets / (21.9 KB). Loaded Objects now: 2837.
Memory consumption went from 140.6 MB to 140.5 MB.
Total: 3.430300 ms (FindLiveObjects: 0.178500 ms CreateObjectMapping: 0.075000 ms MarkObjects: 3.166600 ms  DeleteObjects: 0.009700 ms)

AssetImportParameters requested are different than current active one (requested -> active):
  custom:video-decoder-ogg-theora: a1e56fd34408186e4bbccfd4996cb3dc -> 
  custom:container-muxer-webm: aa71ff27fc2769a1b78a27578f13a17b -> 
  custom:container-demuxer-webm: 4f35f7cbe854078d1ac9338744f61a02 -> 
  custom:video-encoder-webm-vp8: eb34c28f22e8b96e1ab97ce403110664 -> 
  custom:audio-encoder-webm-vorbis: bf7c407c2cedff20999df2af8eb42d56 -> 
  custom:framework-win-MediaFoundation: 216162199b28c13a410421893ffa2e32 -> 
  custom:container-demuxer-ogg: 62fdf1f143b41e24485cea50d1cbac27 -> 
  custom:video-decoder-webm-vp8: 9c59270c3fd7afecdb556c50c9e8de78 -> 
  custom:audio-decoder-ogg-vorbis: bf7c407c2cedff20999df2af8eb42d56 -> 
========================================================================
Received Prepare
Registering precompiled user dll's ...
Registered in 0.003106 seconds.
Begin MonoManager ReloadAssembly
Native extension for WindowsStandalone target not found
Native extension for WebGL target not found
Refreshing native plugins compatible for Editor in 0.54 ms, found 3 plugins.
Preloading 0 native plugins for Editor in 0.00 ms.
Mono: successfully reloaded assembly
- Completed reload, in  0.779 seconds
Domain Reload Profiling:
	ReloadAssembly (780ms)
		BeginReloadAssembly (98ms)
			ExecutionOrderSort (0ms)
			DisableScriptedObjects (5ms)
			BackupInstance (0ms)
			ReleaseScriptingObjects (0ms)
			CreateAndSetChildDomain (29ms)
		EndReloadAssembly (619ms)
			LoadAssemblies (55ms)
			RebuildTransferFunctionScriptingTraits (0ms)
			SetupTypeCache (132ms)
			ReleaseScriptCaches (1ms)
			RebuildScriptCaches (37ms)
			SetupLoadedEditorAssemblies (352ms)
				LogAssemblyErrors (0ms)
				InitializePlatformSupportModulesInManaged (10ms)
				SetLoadedEditorAssemblies (0ms)
				RefreshPlugins (1ms)
				BeforeProcessingInitializeOnLoad (47ms)
				ProcessInitializeOnLoadAttributes (262ms)
				ProcessInitializeOnLoadMethodAttributes (26ms)
				AfterProcessingInitializeOnLoad (6ms)
				EditorAssembliesLoaded (0ms)
			ExecutionOrderSort2 (0ms)
			AwakeInstancesAfterBackupRestoration (8ms)
Platform modules already initialized, skipping
Refreshing native plugins compatible for Editor in 1.55 ms, found 3 plugins.
Preloading 0 native plugins for Editor in 0.00 ms.
Unloading 2337 Unused Serialized files (Serialized files now loaded: 0)
Unloading 17 unused Assets / (24.6 KB). Loaded Objects now: 2839.
Memory consumption went from 186.7 MB to 186.7 MB.
Total: 2.908400 ms (FindLiveObjects: 0.192200 ms CreateObjectMapping: 0.048800 ms MarkObjects: 2.653100 ms  DeleteObjects: 0.013600 ms)

AssetImportParameters requested are different than current active one (requested -> active):
  custom:video-decoder-ogg-theora: a1e56fd34408186e4bbccfd4996cb3dc -> 
  custom:container-muxer-webm: aa71ff27fc2769a1b78a27578f13a17b -> 
  custom:container-demuxer-webm: 4f35f7cbe854078d1ac9338744f61a02 -> 
  custom:video-encoder-webm-vp8: eb34c28f22e8b96e1ab97ce403110664 -> 
  custom:audio-encoder-webm-vorbis: bf7c407c2cedff20999df2af8eb42d56 -> 
  custom:framework-win-MediaFoundation: 216162199b28c13a410421893ffa2e32 -> 
  custom:container-demuxer-ogg: 62fdf1f143b41e24485cea50d1cbac27 -> 
  custom:video-decoder-webm-vp8: 9c59270c3fd7afecdb556c50c9e8de78 -> 
  custom:audio-decoder-ogg-vorbis: bf7c407c2cedff20999df2af8eb42d56 -> 
========================================================================
Received Prepare
Registering precompiled user dll's ...
Registered in 0.002644 seconds.
Begin MonoManager ReloadAssembly
Native extension for WindowsStandalone target not found
Native extension for WebGL target not found
Refreshing native plugins compatible for Editor in 0.56 ms, found 3 plugins.
Preloading 0 native plugins for Editor in 0.00 ms.
Mono: successfully reloaded assembly
- Completed reload, in  0.750 seconds
Domain Reload Profiling:
	ReloadAssembly (750ms)
		BeginReloadAssembly (98ms)
			ExecutionOrderSort (0ms)
			DisableScriptedObjects (5ms)
			BackupInstance (0ms)
			ReleaseScriptingObjects (0ms)
			CreateAndSetChildDomain (30ms)
		EndReloadAssembly (589ms)
			LoadAssemblies (53ms)
			RebuildTransferFunctionScriptingTraits (0ms)
			SetupTypeCache (123ms)
			ReleaseScriptCaches (1ms)
			RebuildScriptCaches (35ms)
			SetupLoadedEditorAssemblies (340ms)
				LogAssemblyErrors (0ms)
				InitializePlatformSupportModulesInManaged (10ms)
				SetLoadedEditorAssemblies (0ms)
				RefreshPlugins (1ms)
				BeforeProcessingInitializeOnLoad (47ms)
				ProcessInitializeOnLoadAttributes (253ms)
				ProcessInitializeOnLoadMethodAttributes (24ms)
				AfterProcessingInitializeOnLoad (5ms)
				EditorAssembliesLoaded (0ms)
			ExecutionOrderSort2 (0ms)
			AwakeInstancesAfterBackupRestoration (7ms)
Platform modules already initialized, skipping
Refreshing native plugins compatible for Editor in 1.61 ms, found 3 plugins.
Preloading 0 native plugins for Editor in 0.00 ms.
Unloading 2337 Unused Serialized files (Serialized files now loaded: 0)
Unloading 17 unused Assets / (24.6 KB). Loaded Objects now: 2842.
Memory consumption went from 186.7 MB to 186.7 MB.
Total: 3.016400 ms (FindLiveObjects: 0.186800 ms CreateObjectMapping: 0.053800 ms MarkObjects: 2.756700 ms  DeleteObjects: 0.018200 ms)

AssetImportParameters requested are different than current active one (requested -> active):
  custom:video-decoder-ogg-theora: a1e56fd34408186e4bbccfd4996cb3dc -> 
  custom:container-muxer-webm: aa71ff27fc2769a1b78a27578f13a17b -> 
  custom:container-demuxer-webm: 4f35f7cbe854078d1ac9338744f61a02 -> 
  custom:video-encoder-webm-vp8: eb34c28f22e8b96e1ab97ce403110664 -> 
  custom:audio-encoder-webm-vorbis: bf7c407c2cedff20999df2af8eb42d56 -> 
  custom:framework-win-MediaFoundation: 216162199b28c13a410421893ffa2e32 -> 
  custom:container-demuxer-ogg: 62fdf1f143b41e24485cea50d1cbac27 -> 
  custom:video-decoder-webm-vp8: 9c59270c3fd7afecdb556c50c9e8de78 -> 
  custom:audio-decoder-ogg-vorbis: bf7c407c2cedff20999df2af8eb42d56 -> 
========================================================================
Received Prepare
Refreshing native plugins compatible for Editor in 3.06 ms, found 3 plugins.
Preloading 0 native plugins for Editor in 0.00 ms.
Unloading 17 Unused Serialized files (Serialized files now loaded: 0)
Unloading 17 unused Assets / (21.9 KB). Loaded Objects now: 2842.
Memory consumption went from 140.3 MB to 140.2 MB.
Total: 2.896000 ms (FindLiveObjects: 0.180600 ms CreateObjectMapping: 0.076200 ms MarkObjects: 2.617300 ms  DeleteObjects: 0.021200 ms)

AssetImportParameters requested are different than current active one (requested -> active):
  custom:video-decoder-ogg-theora: a1e56fd34408186e4bbccfd4996cb3dc -> 
  custom:container-muxer-webm: aa71ff27fc2769a1b78a27578f13a17b -> 
  custom:container-demuxer-webm: 4f35f7cbe854078d1ac9338744f61a02 -> 
  custom:video-encoder-webm-vp8: eb34c28f22e8b96e1ab97ce403110664 -> 
  custom:audio-encoder-webm-vorbis: bf7c407c2cedff20999df2af8eb42d56 -> 
  custom:framework-win-MediaFoundation: 216162199b28c13a410421893ffa2e32 -> 
  custom:container-demuxer-ogg: 62fdf1f143b41e24485cea50d1cbac27 -> 
  custom:video-decoder-webm-vp8: 9c59270c3fd7afecdb556c50c9e8de78 -> 
  custom:audio-decoder-ogg-vorbis: bf7c407c2cedff20999df2af8eb42d56 -> 
========================================================================
Received Prepare
Registering precompiled user dll's ...
Registered in 0.002692 seconds.
Begin MonoManager ReloadAssembly
Native extension for WindowsStandalone target not found
Native extension for WebGL target not found
Refreshing native plugins compatible for Editor in 0.54 ms, found 3 plugins.
Preloading 0 native plugins for Editor in 0.00 ms.
Mono: successfully reloaded assembly
- Completed reload, in  0.707 seconds
Domain Reload Profiling:
	ReloadAssembly (707ms)
		BeginReloadAssembly (92ms)
			ExecutionOrderSort (0ms)
			DisableScriptedObjects (5ms)
			BackupInstance (0ms)
			ReleaseScriptingObjects (0ms)
			CreateAndSetChildDomain (26ms)
		EndReloadAssembly (552ms)
			LoadAssemblies (52ms)
			RebuildTransferFunctionScriptingTraits (0ms)
			SetupTypeCache (116ms)
			ReleaseScriptCaches (1ms)
			RebuildScriptCaches (33ms)
			SetupLoadedEditorAssemblies (315ms)
				LogAssemblyErrors (0ms)
				InitializePlatformSupportModulesInManaged (9ms)
				SetLoadedEditorAssemblies (0ms)
				RefreshPlugins (1ms)
				BeforeProcessingInitializeOnLoad (44ms)
				ProcessInitializeOnLoadAttributes (233ms)
				ProcessInitializeOnLoadMethodAttributes (23ms)
				AfterProcessingInitializeOnLoad (5ms)
				EditorAssembliesLoaded (0ms)
			ExecutionOrderSort2 (0ms)
			AwakeInstancesAfterBackupRestoration (8ms)
Platform modules already initialized, skipping
Refreshing native plugins compatible for Editor in 1.32 ms, found 3 plugins.
Preloading 0 native plugins for Editor in 0.00 ms.
Unloading 2337 Unused Serialized files (Serialized files now loaded: 0)
Unloading 17 unused Assets / (24.7 KB). Loaded Objects now: 2845.
Memory consumption went from 186.7 MB to 186.7 MB.
Total: 3.285400 ms (FindLiveObjects: 0.165600 ms CreateObjectMapping: 0.075400 ms MarkObjects: 3.032000 ms  DeleteObjects: 0.011800 ms)

AssetImportParameters requested are different than current active one (requested -> active):
  custom:video-decoder-ogg-theora: a1e56fd34408186e4bbccfd4996cb3dc -> 
  custom:container-muxer-webm: aa71ff27fc2769a1b78a27578f13a17b -> 
  custom:container-demuxer-webm: 4f35f7cbe854078d1ac9338744f61a02 -> 
  custom:video-encoder-webm-vp8: eb34c28f22e8b96e1ab97ce403110664 -> 
  custom:audio-encoder-webm-vorbis: bf7c407c2cedff20999df2af8eb42d56 -> 
  custom:framework-win-MediaFoundation: 216162199b28c13a410421893ffa2e32 -> 
  custom:container-demuxer-ogg: 62fdf1f143b41e24485cea50d1cbac27 -> 
  custom:video-decoder-webm-vp8: 9c59270c3fd7afecdb556c50c9e8de78 -> 
  custom:audio-decoder-ogg-vorbis: bf7c407c2cedff20999df2af8eb42d56 -> 
========================================================================
Received Prepare
Refreshing native plugins compatible for Editor in 2.95 ms, found 3 plugins.
Preloading 0 native plugins for Editor in 0.00 ms.
Unloading 17 Unused Serialized files (Serialized files now loaded: 0)
Unloading 17 unused Assets / (21.9 KB). Loaded Objects now: 2845.
Memory consumption went from 140.3 MB to 140.2 MB.
Total: 2.878000 ms (FindLiveObjects: 0.187600 ms CreateObjectMapping: 0.047300 ms MarkObjects: 2.631900 ms  DeleteObjects: 0.010700 ms)

AssetImportParameters requested are different than current active one (requested -> active):
  custom:video-decoder-ogg-theora: a1e56fd34408186e4bbccfd4996cb3dc -> 
  custom:container-muxer-webm: aa71ff27fc2769a1b78a27578f13a17b -> 
  custom:container-demuxer-webm: 4f35f7cbe854078d1ac9338744f61a02 -> 
  custom:video-encoder-webm-vp8: eb34c28f22e8b96e1ab97ce403110664 -> 
  custom:audio-encoder-webm-vorbis: bf7c407c2cedff20999df2af8eb42d56 -> 
  custom:framework-win-MediaFoundation: 216162199b28c13a410421893ffa2e32 -> 
  custom:container-demuxer-ogg: 62fdf1f143b41e24485cea50d1cbac27 -> 
  custom:video-decoder-webm-vp8: 9c59270c3fd7afecdb556c50c9e8de78 -> 
  custom:audio-decoder-ogg-vorbis: bf7c407c2cedff20999df2af8eb42d56 -> 
========================================================================
Received Prepare
Refreshing native plugins compatible for Editor in 2.77 ms, found 3 plugins.
Preloading 0 native plugins for Editor in 0.00 ms.
Unloading 17 Unused Serialized files (Serialized files now loaded: 0)
Unloading 17 unused Assets / (21.9 KB). Loaded Objects now: 2845.
Memory consumption went from 140.3 MB to 140.2 MB.
Total: 2.930500 ms (FindLiveObjects: 0.178200 ms CreateObjectMapping: 0.082100 ms MarkObjects: 2.659200 ms  DeleteObjects: 0.010500 ms)

AssetImportParameters requested are different than current active one (requested -> active):
  custom:video-decoder-ogg-theora: a1e56fd34408186e4bbccfd4996cb3dc -> 
  custom:container-muxer-webm: aa71ff27fc2769a1b78a27578f13a17b -> 
  custom:container-demuxer-webm: 4f35f7cbe854078d1ac9338744f61a02 -> 
  custom:video-encoder-webm-vp8: eb34c28f22e8b96e1ab97ce403110664 -> 
  custom:audio-encoder-webm-vorbis: bf7c407c2cedff20999df2af8eb42d56 -> 
  custom:framework-win-MediaFoundation: 216162199b28c13a410421893ffa2e32 -> 
  custom:container-demuxer-ogg: 62fdf1f143b41e24485cea50d1cbac27 -> 
  custom:video-decoder-webm-vp8: 9c59270c3fd7afecdb556c50c9e8de78 -> 
  custom:audio-decoder-ogg-vorbis: bf7c407c2cedff20999df2af8eb42d56 -> 
