Using pre-set license
Built from '2021.2/staging' branch; Version is '2021.2.18f1 (0c6e675195cf) revision 814695'; Using compiler version '192829333'; Build Type 'Release'
OS: 'Windows 11  (10.0.22000) 64bit Core' Language: 'en' Physical Memory: 32690 MB
BatchMode: 1, IsHumanControllingUs: 0, StartBugReporterOnCrash: 0, Is64bit: 1, IsPro: 1

COMMAND LINE ARGUMENTS:
C:\Program Files\Unity\Hub\Editor\2021.2.18f1\Editor\Unity.exe
-adb2
-batchMode
-noUpm
-name
AssetImportWorker1
-projectPath
C:/Users/Nathan/UNRLD50
-logFile
Logs/AssetImportWorker1.log
-srvPort
57548
Successfully changed project path to: C:/Users/Nathan/UNRLD50
C:/Users/Nathan/UNRLD50
[UnityMemory] Configuration Parameters - Can be set up in boot.config
    "memorysetup-bucket-allocator-granularity=16"
    "memorysetup-bucket-allocator-bucket-count=8"
    "memorysetup-bucket-allocator-block-size=33554432"
    "memorysetup-bucket-allocator-block-count=8"
    "memorysetup-main-allocator-block-size=16777216"
    "memorysetup-thread-allocator-block-size=16777216"
    "memorysetup-gfx-main-allocator-block-size=16777216"
    "memorysetup-gfx-thread-allocator-block-size=16777216"
    "memorysetup-cache-allocator-block-size=4194304"
    "memorysetup-typetree-allocator-block-size=2097152"
    "memorysetup-profiler-bucket-allocator-granularity=16"
    "memorysetup-profiler-bucket-allocator-bucket-count=8"
    "memorysetup-profiler-bucket-allocator-block-size=33554432"
    "memorysetup-profiler-bucket-allocator-block-count=8"
    "memorysetup-profiler-allocator-block-size=16777216"
    "memorysetup-profiler-editor-allocator-block-size=1048576"
    "memorysetup-temp-allocator-size-main=16777216"
    "memorysetup-job-temp-allocator-block-size=2097152"
    "memorysetup-job-temp-allocator-block-size-background=1048576"
    "memorysetup-job-temp-allocator-reduction-small-platforms=262144"
    "memorysetup-temp-allocator-size-background-worker=32768"
    "memorysetup-temp-allocator-size-job-worker=262144"
    "memorysetup-temp-allocator-size-preload-manager=33554432"
    "memorysetup-temp-allocator-size-nav-mesh-worker=65536"
    "memorysetup-temp-allocator-size-audio-worker=65536"
    "memorysetup-temp-allocator-size-cloud-worker=32768"
    "memorysetup-temp-allocator-size-gi-baking-worker=262144"
    "memorysetup-temp-allocator-size-gfx=262144"
Refreshing native plugins compatible for Editor in 41.51 ms, found 3 plugins.
Preloading 0 native plugins for Editor in 0.00 ms.
Initialize engine version: 2021.2.18f1 (0c6e675195cf)
[Subsystems] Discovering subsystems at path C:/Program Files/Unity/Hub/Editor/2021.2.18f1/Editor/Data/Resources/UnitySubsystems
[Subsystems] Discovering subsystems at path C:/Users/Nathan/UNRLD50/Assets
GfxDevice: creating device client; threaded=0; jobified=0
Direct3D:
    Version:  Direct3D 11.0 [level 11.1]
    Renderer: NVIDIA GeForce RTX 2070 (ID=0x1f02)
    Vendor:   NVIDIA
    VRAM:     8031 MB
    Driver:   30.0.14.9649
Initialize mono
Mono path[0] = 'C:/Program Files/Unity/Hub/Editor/2021.2.18f1/Editor/Data/Managed'
Mono path[1] = 'C:/Program Files/Unity/Hub/Editor/2021.2.18f1/Editor/Data/MonoBleedingEdge/lib/mono/unityjit-win32'
Mono config path = 'C:/Program Files/Unity/Hub/Editor/2021.2.18f1/Editor/Data/MonoBleedingEdge/etc'
Using monoOptions --debugger-agent=transport=dt_socket,embedding=1,server=y,suspend=n,address=127.0.0.1:56184
Begin MonoManager ReloadAssembly
Registering precompiled unity dll's ...
Register platform support module: C:/Program Files/Unity/Hub/Editor/2021.2.18f1/Editor/Data/PlaybackEngines/WebGLSupport/UnityEditor.WebGL.Extensions.dll
Register platform support module: C:/Program Files/Unity/Hub/Editor/2021.2.18f1/Editor/Data/PlaybackEngines/WindowsStandaloneSupport/UnityEditor.WindowsStandalone.Extensions.dll
Registered in 0.009395 seconds.
Native extension for WindowsStandalone target not found
Native extension for WebGL target not found
Refreshing native plugins compatible for Editor in 63.12 ms, found 3 plugins.
Preloading 0 native plugins for Editor in 0.00 ms.
Mono: successfully reloaded assembly
- Completed reload, in  0.854 seconds
Domain Reload Profiling:
	ReloadAssembly (855ms)
		BeginReloadAssembly (79ms)
			ExecutionOrderSort (0ms)
			DisableScriptedObjects (0ms)
			BackupInstance (0ms)
			ReleaseScriptingObjects (0ms)
			CreateAndSetChildDomain (1ms)
		EndReloadAssembly (611ms)
			LoadAssemblies (75ms)
			RebuildTransferFunctionScriptingTraits (0ms)
			SetupTypeCache (164ms)
			ReleaseScriptCaches (0ms)
			RebuildScriptCaches (42ms)
			SetupLoadedEditorAssemblies (323ms)
				LogAssemblyErrors (0ms)
				InitializePlatformSupportModulesInManaged (11ms)
				SetLoadedEditorAssemblies (0ms)
				RefreshPlugins (63ms)
				BeforeProcessingInitializeOnLoad (3ms)
				ProcessInitializeOnLoadAttributes (193ms)
				ProcessInitializeOnLoadMethodAttributes (52ms)
				AfterProcessingInitializeOnLoad (0ms)
				EditorAssembliesLoaded (0ms)
			ExecutionOrderSort2 (0ms)
			AwakeInstancesAfterBackupRestoration (0ms)
Platform modules already initialized, skipping
Registering precompiled user dll's ...
Registered in 0.012103 seconds.
Begin MonoManager ReloadAssembly
Native extension for WindowsStandalone target not found
Native extension for WebGL target not found
Refreshing native plugins compatible for Editor in 56.72 ms, found 3 plugins.
Preloading 0 native plugins for Editor in 0.00 ms.
Mono: successfully reloaded assembly
- Completed reload, in  1.707 seconds
Domain Reload Profiling:
	ReloadAssembly (1708ms)
		BeginReloadAssembly (115ms)
			ExecutionOrderSort (0ms)
			DisableScriptedObjects (7ms)
			BackupInstance (0ms)
			ReleaseScriptingObjects (0ms)
			CreateAndSetChildDomain (26ms)
		EndReloadAssembly (1421ms)
			LoadAssemblies (79ms)
			RebuildTransferFunctionScriptingTraits (0ms)
			SetupTypeCache (257ms)
			ReleaseScriptCaches (1ms)
			RebuildScriptCaches (70ms)
			SetupLoadedEditorAssemblies (924ms)
				LogAssemblyErrors (0ms)
				InitializePlatformSupportModulesInManaged (5ms)
				SetLoadedEditorAssemblies (0ms)
				RefreshPlugins (57ms)
				BeforeProcessingInitializeOnLoad (128ms)
				ProcessInitializeOnLoadAttributes (657ms)
				ProcessInitializeOnLoadMethodAttributes (71ms)
				AfterProcessingInitializeOnLoad (6ms)
				EditorAssembliesLoaded (0ms)
			ExecutionOrderSort2 (0ms)
			AwakeInstancesAfterBackupRestoration (13ms)
Platform modules already initialized, skipping
========================================================================
Worker process is ready to serve import requests
Launched and connected shader compiler UnityShaderCompiler.exe after 0.07 seconds
Refreshing native plugins compatible for Editor in 1.00 ms, found 3 plugins.
Preloading 0 native plugins for Editor in 0.00 ms.
Unloading 2348 Unused Serialized files (Serialized files now loaded: 0)
Unloading 30 unused Assets / (55.8 KB). Loaded Objects now: 2826.
Memory consumption went from 183.5 MB to 183.5 MB.
Total: 12.840800 ms (FindLiveObjects: 0.367500 ms CreateObjectMapping: 0.079800 ms MarkObjects: 12.293700 ms  DeleteObjects: 0.098000 ms)

AssetImportParameters requested are different than current active one (requested -> active):
  custom:video-decoder-ogg-theora: a1e56fd34408186e4bbccfd4996cb3dc -> 
  custom:container-muxer-webm: aa71ff27fc2769a1b78a27578f13a17b -> 
  custom:container-demuxer-webm: 4f35f7cbe854078d1ac9338744f61a02 -> 
  custom:video-encoder-webm-vp8: eb34c28f22e8b96e1ab97ce403110664 -> 
  custom:audio-encoder-webm-vorbis: bf7c407c2cedff20999df2af8eb42d56 -> 
  custom:framework-win-MediaFoundation: 216162199b28c13a410421893ffa2e32 -> 
  custom:container-demuxer-ogg: 62fdf1f143b41e24485cea50d1cbac27 -> 
  custom:video-decoder-webm-vp8: 9c59270c3fd7afecdb556c50c9e8de78 -> 
  custom:audio-decoder-ogg-vorbis: bf7c407c2cedff20999df2af8eb42d56 -> 
========================================================================
Received Prepare
Registering precompiled user dll's ...
Registered in 0.002581 seconds.
Begin MonoManager ReloadAssembly
Native extension for WindowsStandalone target not found
Native extension for WebGL target not found
Refreshing native plugins compatible for Editor in 0.56 ms, found 3 plugins.
Preloading 0 native plugins for Editor in 0.00 ms.
Mono: successfully reloaded assembly
- Completed reload, in  0.800 seconds
Domain Reload Profiling:
	ReloadAssembly (801ms)
		BeginReloadAssembly (103ms)
			ExecutionOrderSort (0ms)
			DisableScriptedObjects (5ms)
			BackupInstance (0ms)
			ReleaseScriptingObjects (0ms)
			CreateAndSetChildDomain (32ms)
		EndReloadAssembly (624ms)
			LoadAssemblies (53ms)
			RebuildTransferFunctionScriptingTraits (0ms)
			SetupTypeCache (126ms)
			ReleaseScriptCaches (1ms)
			RebuildScriptCaches (34ms)
			SetupLoadedEditorAssemblies (366ms)
				LogAssemblyErrors (0ms)
				InitializePlatformSupportModulesInManaged (10ms)
				SetLoadedEditorAssemblies (0ms)
				RefreshPlugins (1ms)
				BeforeProcessingInitializeOnLoad (48ms)
				ProcessInitializeOnLoadAttributes (276ms)
				ProcessInitializeOnLoadMethodAttributes (26ms)
				AfterProcessingInitializeOnLoad (5ms)
				EditorAssembliesLoaded (0ms)
			ExecutionOrderSort2 (0ms)
			AwakeInstancesAfterBackupRestoration (8ms)
Platform modules already initialized, skipping
Refreshing native plugins compatible for Editor in 1.50 ms, found 3 plugins.
Preloading 0 native plugins for Editor in 0.00 ms.
Unloading 2337 Unused Serialized files (Serialized files now loaded: 0)
Unloading 17 unused Assets / (24.6 KB). Loaded Objects now: 2829.
Memory consumption went from 182.8 MB to 182.8 MB.
Total: 2.828300 ms (FindLiveObjects: 0.168100 ms CreateObjectMapping: 0.072900 ms MarkObjects: 2.569800 ms  DeleteObjects: 0.016900 ms)

AssetImportParameters requested are different than current active one (requested -> active):
  custom:video-decoder-ogg-theora: a1e56fd34408186e4bbccfd4996cb3dc -> 
  custom:container-muxer-webm: aa71ff27fc2769a1b78a27578f13a17b -> 
  custom:container-demuxer-webm: 4f35f7cbe854078d1ac9338744f61a02 -> 
  custom:video-encoder-webm-vp8: eb34c28f22e8b96e1ab97ce403110664 -> 
  custom:audio-encoder-webm-vorbis: bf7c407c2cedff20999df2af8eb42d56 -> 
  custom:framework-win-MediaFoundation: 216162199b28c13a410421893ffa2e32 -> 
  custom:container-demuxer-ogg: 62fdf1f143b41e24485cea50d1cbac27 -> 
  custom:video-decoder-webm-vp8: 9c59270c3fd7afecdb556c50c9e8de78 -> 
  custom:audio-decoder-ogg-vorbis: bf7c407c2cedff20999df2af8eb42d56 -> 
========================================================================
Received Prepare
Registering precompiled user dll's ...
Registered in 0.002578 seconds.
Begin MonoManager ReloadAssembly
Native extension for WindowsStandalone target not found
Native extension for WebGL target not found
Refreshing native plugins compatible for Editor in 0.64 ms, found 3 plugins.
Preloading 0 native plugins for Editor in 0.00 ms.
Mono: successfully reloaded assembly
- Completed reload, in  0.807 seconds
Domain Reload Profiling:
	ReloadAssembly (807ms)
		BeginReloadAssembly (104ms)
			ExecutionOrderSort (0ms)
			DisableScriptedObjects (6ms)
			BackupInstance (0ms)
			ReleaseScriptingObjects (0ms)
			CreateAndSetChildDomain (30ms)
		EndReloadAssembly (629ms)
			LoadAssemblies (59ms)
			RebuildTransferFunctionScriptingTraits (0ms)
			SetupTypeCache (124ms)
			ReleaseScriptCaches (1ms)
			RebuildScriptCaches (41ms)
			SetupLoadedEditorAssemblies (368ms)
				LogAssemblyErrors (0ms)
				InitializePlatformSupportModulesInManaged (11ms)
				SetLoadedEditorAssemblies (1ms)
				RefreshPlugins (1ms)
				BeforeProcessingInitializeOnLoad (46ms)
				ProcessInitializeOnLoadAttributes (280ms)
				ProcessInitializeOnLoadMethodAttributes (25ms)
				AfterProcessingInitializeOnLoad (6ms)
				EditorAssembliesLoaded (0ms)
			ExecutionOrderSort2 (0ms)
			AwakeInstancesAfterBackupRestoration (7ms)
Platform modules already initialized, skipping
Refreshing native plugins compatible for Editor in 2.19 ms, found 3 plugins.
Preloading 0 native plugins for Editor in 0.00 ms.
Unloading 2337 Unused Serialized files (Serialized files now loaded: 0)
Unloading 17 unused Assets / (24.6 KB). Loaded Objects now: 2832.
Memory consumption went from 182.8 MB to 182.8 MB.
Total: 4.290100 ms (FindLiveObjects: 0.190700 ms CreateObjectMapping: 0.099800 ms MarkObjects: 3.978700 ms  DeleteObjects: 0.020300 ms)

AssetImportParameters requested are different than current active one (requested -> active):
  custom:video-decoder-ogg-theora: a1e56fd34408186e4bbccfd4996cb3dc -> 
  custom:container-muxer-webm: aa71ff27fc2769a1b78a27578f13a17b -> 
  custom:container-demuxer-webm: 4f35f7cbe854078d1ac9338744f61a02 -> 
  custom:video-encoder-webm-vp8: eb34c28f22e8b96e1ab97ce403110664 -> 
  custom:audio-encoder-webm-vorbis: bf7c407c2cedff20999df2af8eb42d56 -> 
  custom:framework-win-MediaFoundation: 216162199b28c13a410421893ffa2e32 -> 
  custom:container-demuxer-ogg: 62fdf1f143b41e24485cea50d1cbac27 -> 
  custom:video-decoder-webm-vp8: 9c59270c3fd7afecdb556c50c9e8de78 -> 
  custom:audio-decoder-ogg-vorbis: bf7c407c2cedff20999df2af8eb42d56 -> 
========================================================================
Received Prepare
Refreshing native plugins compatible for Editor in 2.82 ms, found 3 plugins.
Preloading 0 native plugins for Editor in 0.00 ms.
Unloading 17 Unused Serialized files (Serialized files now loaded: 0)
Unloading 17 unused Assets / (21.9 KB). Loaded Objects now: 2832.
Memory consumption went from 136.3 MB to 136.3 MB.
Total: 2.998000 ms (FindLiveObjects: 0.175500 ms CreateObjectMapping: 0.093200 ms MarkObjects: 2.716500 ms  DeleteObjects: 0.012400 ms)

AssetImportParameters requested are different than current active one (requested -> active):
  custom:video-decoder-ogg-theora: a1e56fd34408186e4bbccfd4996cb3dc -> 
  custom:container-muxer-webm: aa71ff27fc2769a1b78a27578f13a17b -> 
  custom:container-demuxer-webm: 4f35f7cbe854078d1ac9338744f61a02 -> 
  custom:video-encoder-webm-vp8: eb34c28f22e8b96e1ab97ce403110664 -> 
  custom:audio-encoder-webm-vorbis: bf7c407c2cedff20999df2af8eb42d56 -> 
  custom:framework-win-MediaFoundation: 216162199b28c13a410421893ffa2e32 -> 
  custom:container-demuxer-ogg: 62fdf1f143b41e24485cea50d1cbac27 -> 
  custom:video-decoder-webm-vp8: 9c59270c3fd7afecdb556c50c9e8de78 -> 
  custom:audio-decoder-ogg-vorbis: bf7c407c2cedff20999df2af8eb42d56 -> 
========================================================================
Received Import Request.
  Time since last request: 242683.819758 seconds.
  path: Assets/Sounds/Music/A Lonely Cherry Tree.wav
  artifactKey: Guid(84de7c1cfdf372b459091e6c54d8c890) Importer(815301076,1909f56bfc062723c751e8b465ee728b)
Start importing Assets/Sounds/Music/A Lonely Cherry Tree.wav using Guid(84de7c1cfdf372b459091e6c54d8c890) Importer(815301076,1909f56bfc062723c751e8b465ee728b)  -> (artifact id: '335aea2c7d85b2d8f5ce8b8d7a79ffeb') in 0.101345 seconds 
========================================================================
Received Import Request.
  Time since last request: 0.000032 seconds.
  path: Assets/Sounds/Music/Kevin MacLeod Itty Bitty 8 Bit.mp3
  artifactKey: Guid(6428a72670650f647bd789c3a437813b) Importer(815301076,1909f56bfc062723c751e8b465ee728b)
Start importing Assets/Sounds/Music/Kevin MacLeod Itty Bitty 8 Bit.mp3 using Guid(6428a72670650f647bd789c3a437813b) Importer(815301076,1909f56bfc062723c751e8b465ee728b)  -> (artifact id: 'ecf430bd7e19931d564f89a427d8bc18') in 0.015064 seconds 
========================================================================
Received Prepare
Refreshing native plugins compatible for Editor in 3.35 ms, found 3 plugins.
Preloading 0 native plugins for Editor in 0.00 ms.
Unloading 17 Unused Serialized files (Serialized files now loaded: 0)
Unloading 17 unused Assets / (21.9 KB). Loaded Objects now: 2841.
Memory consumption went from 140.4 MB to 140.4 MB.
Total: 3.619200 ms (FindLiveObjects: 0.214000 ms CreateObjectMapping: 0.108200 ms MarkObjects: 3.284500 ms  DeleteObjects: 0.012100 ms)

AssetImportParameters requested are different than current active one (requested -> active):
  custom:video-decoder-ogg-theora: a1e56fd34408186e4bbccfd4996cb3dc -> 
  custom:container-muxer-webm: aa71ff27fc2769a1b78a27578f13a17b -> 
  custom:container-demuxer-webm: 4f35f7cbe854078d1ac9338744f61a02 -> 
  custom:video-encoder-webm-vp8: eb34c28f22e8b96e1ab97ce403110664 -> 
  custom:audio-encoder-webm-vorbis: bf7c407c2cedff20999df2af8eb42d56 -> 
  custom:framework-win-MediaFoundation: 216162199b28c13a410421893ffa2e32 -> 
  custom:container-demuxer-ogg: 62fdf1f143b41e24485cea50d1cbac27 -> 
  custom:video-decoder-webm-vp8: 9c59270c3fd7afecdb556c50c9e8de78 -> 
  custom:audio-decoder-ogg-vorbis: bf7c407c2cedff20999df2af8eb42d56 -> 
========================================================================
Received Prepare
Refreshing native plugins compatible for Editor in 3.39 ms, found 3 plugins.
Preloading 0 native plugins for Editor in 0.00 ms.
Unloading 17 Unused Serialized files (Serialized files now loaded: 0)
Unloading 17 unused Assets / (21.9 KB). Loaded Objects now: 2841.
Memory consumption went from 140.4 MB to 140.4 MB.
Total: 3.792200 ms (FindLiveObjects: 0.170600 ms CreateObjectMapping: 0.089000 ms MarkObjects: 3.518600 ms  DeleteObjects: 0.013400 ms)

AssetImportParameters requested are different than current active one (requested -> active):
  custom:video-decoder-ogg-theora: a1e56fd34408186e4bbccfd4996cb3dc -> 
  custom:container-muxer-webm: aa71ff27fc2769a1b78a27578f13a17b -> 
  custom:container-demuxer-webm: 4f35f7cbe854078d1ac9338744f61a02 -> 
  custom:video-encoder-webm-vp8: eb34c28f22e8b96e1ab97ce403110664 -> 
  custom:audio-encoder-webm-vorbis: bf7c407c2cedff20999df2af8eb42d56 -> 
  custom:framework-win-MediaFoundation: 216162199b28c13a410421893ffa2e32 -> 
  custom:container-demuxer-ogg: 62fdf1f143b41e24485cea50d1cbac27 -> 
  custom:video-decoder-webm-vp8: 9c59270c3fd7afecdb556c50c9e8de78 -> 
  custom:audio-decoder-ogg-vorbis: bf7c407c2cedff20999df2af8eb42d56 -> 
========================================================================
Received Prepare
Refreshing native plugins compatible for Editor in 3.45 ms, found 3 plugins.
Preloading 0 native plugins for Editor in 0.00 ms.
Unloading 17 Unused Serialized files (Serialized files now loaded: 0)
Unloading 17 unused Assets / (21.9 KB). Loaded Objects now: 2841.
Memory consumption went from 140.4 MB to 140.4 MB.
Total: 3.676900 ms (FindLiveObjects: 0.285000 ms CreateObjectMapping: 0.055200 ms MarkObjects: 3.325600 ms  DeleteObjects: 0.010600 ms)

AssetImportParameters requested are different than current active one (requested -> active):
  custom:video-decoder-ogg-theora: a1e56fd34408186e4bbccfd4996cb3dc -> 
  custom:container-muxer-webm: aa71ff27fc2769a1b78a27578f13a17b -> 
  custom:container-demuxer-webm: 4f35f7cbe854078d1ac9338744f61a02 -> 
  custom:video-encoder-webm-vp8: eb34c28f22e8b96e1ab97ce403110664 -> 
  custom:audio-encoder-webm-vorbis: bf7c407c2cedff20999df2af8eb42d56 -> 
  custom:framework-win-MediaFoundation: 216162199b28c13a410421893ffa2e32 -> 
  custom:container-demuxer-ogg: 62fdf1f143b41e24485cea50d1cbac27 -> 
  custom:video-decoder-webm-vp8: 9c59270c3fd7afecdb556c50c9e8de78 -> 
  custom:audio-decoder-ogg-vorbis: bf7c407c2cedff20999df2af8eb42d56 -> 
========================================================================
Received Import Request.
  Time since last request: 14707.243172 seconds.
  path: Assets/Art/Level/Free-Industrial-Zone-Tileset-Pixel-Art5-768x512.jpg
  artifactKey: Guid(49c344df1034ec641b7204ad75885325) Importer(815301076,1909f56bfc062723c751e8b465ee728b)
Start importing Assets/Art/Level/Free-Industrial-Zone-Tileset-Pixel-Art5-768x512.jpg using Guid(49c344df1034ec641b7204ad75885325) Importer(815301076,1909f56bfc062723c751e8b465ee728b)  -> (artifact id: '52a5ac3798ae7f6eeb4be7938a0d0e90') in 0.055473 seconds 
========================================================================
Received Import Request.
  Time since last request: 0.000015 seconds.
  path: Assets/Art/Level/industrial-background.jpg
  artifactKey: Guid(d373b8f42e968864d909ef2eaa818d12) Importer(815301076,1909f56bfc062723c751e8b465ee728b)
Start importing Assets/Art/Level/industrial-background.jpg using Guid(d373b8f42e968864d909ef2eaa818d12) Importer(815301076,1909f56bfc062723c751e8b465ee728b)  -> (artifact id: 'a90b826387bf1da1646a91d568ff2cdd') in 0.099531 seconds 
========================================================================
Received Import Request.
  Time since last request: 1.727808 seconds.
  path: Assets/Art/Level/Buttons/Button_Pressed_Blue.png
  artifactKey: Guid(aa8e59a2267a89146aed4516654d181b) Importer(815301076,1909f56bfc062723c751e8b465ee728b)
Start importing Assets/Art/Level/Buttons/Button_Pressed_Blue.png using Guid(aa8e59a2267a89146aed4516654d181b) Importer(815301076,1909f56bfc062723c751e8b465ee728b)  -> (artifact id: '36bbc5567270f6adab7bbc1a92c20be5') in 0.024728 seconds 
========================================================================
Received Import Request.
  Time since last request: 0.002751 seconds.
  path: Assets/Art/Level/Buttons/Button_Unpressed.png
  artifactKey: Guid(ad7d88a55c2c4d04c9e1c0bca38a71c3) Importer(815301076,1909f56bfc062723c751e8b465ee728b)
Start importing Assets/Art/Level/Buttons/Button_Unpressed.png using Guid(ad7d88a55c2c4d04c9e1c0bca38a71c3) Importer(815301076,1909f56bfc062723c751e8b465ee728b)  -> (artifact id: '285662dfc8c4cb80a1c842864ee5492d') in 0.016174 seconds 
========================================================================
Received Import Request.
  Time since last request: 0.000016 seconds.
  path: Assets/Art/Level/Buttons/Button_Unpressed_Green.png
  artifactKey: Guid(7ab6e4a2975c3e44e87f0240d2fb5b12) Importer(815301076,1909f56bfc062723c751e8b465ee728b)
Start importing Assets/Art/Level/Buttons/Button_Unpressed_Green.png using Guid(7ab6e4a2975c3e44e87f0240d2fb5b12) Importer(815301076,1909f56bfc062723c751e8b465ee728b)  -> (artifact id: '2b7b427e25fb8ce2e67270237f40fef8') in 0.016721 seconds 
========================================================================
Received Import Request.
  Time since last request: 0.000019 seconds.
  path: Assets/Art/Level/Buttons/Button_Unpressed_Red.png
  artifactKey: Guid(0f1928e3b139af440aebcf2af0c008f1) Importer(815301076,1909f56bfc062723c751e8b465ee728b)
Start importing Assets/Art/Level/Buttons/Button_Unpressed_Red.png using Guid(0f1928e3b139af440aebcf2af0c008f1) Importer(815301076,1909f56bfc062723c751e8b465ee728b)  -> (artifact id: '49e4ae7434a1758346f2d7cf39791552') in 0.013343 seconds 
========================================================================
Received Import Request.
  Time since last request: 0.000016 seconds.
  path: Assets/Art/Level/Buttons/Button_Pressed_Green.png
  artifactKey: Guid(e8e380f2db3ea29428de7070081d219a) Importer(815301076,1909f56bfc062723c751e8b465ee728b)
Start importing Assets/Art/Level/Buttons/Button_Pressed_Green.png using Guid(e8e380f2db3ea29428de7070081d219a) Importer(815301076,1909f56bfc062723c751e8b465ee728b)  -> (artifact id: 'e15fb00dee5d7e85a4f053042dbaf883') in 0.013614 seconds 
========================================================================
Received Import Request.
  Time since last request: 0.000013 seconds.
  path: Assets/Art/Level/Buttons/Button_Unpressed_Yellow.png
  artifactKey: Guid(49d39e550ba9d654b86fe1891f22b53f) Importer(815301076,1909f56bfc062723c751e8b465ee728b)
Start importing Assets/Art/Level/Buttons/Button_Unpressed_Yellow.png using Guid(49d39e550ba9d654b86fe1891f22b53f) Importer(815301076,1909f56bfc062723c751e8b465ee728b)  -> (artifact id: 'd79515599daa3315fa549813c6615ead') in 0.018838 seconds 
========================================================================
Received Import Request.
  Time since last request: 6.448969 seconds.
  path: Assets/Art/Level/Buttons/Button_Pressed_Blue.png
  artifactKey: Guid(aa8e59a2267a89146aed4516654d181b) Importer(815301076,1909f56bfc062723c751e8b465ee728b)
Start importing Assets/Art/Level/Buttons/Button_Pressed_Blue.png using Guid(aa8e59a2267a89146aed4516654d181b) Importer(815301076,1909f56bfc062723c751e8b465ee728b)  -> (artifact id: '9ac7dc96bc8364b3a4b315349f942397') in 0.010685 seconds 
========================================================================
Received Import Request.
  Time since last request: 0.000015 seconds.
  path: Assets/Art/Level/Buttons/Button_Pressed_Red.png
  artifactKey: Guid(636ed319282426841b1192021ef98844) Importer(815301076,1909f56bfc062723c751e8b465ee728b)
Start importing Assets/Art/Level/Buttons/Button_Pressed_Red.png using Guid(636ed319282426841b1192021ef98844) Importer(815301076,1909f56bfc062723c751e8b465ee728b)  -> (artifact id: 'a57a5b65d70b31d27162301932196ae9') in 0.011826 seconds 
========================================================================
Received Import Request.
  Time since last request: 0.000017 seconds.
  path: Assets/Art/Level/Buttons/Button_Unpressed_Green.png
  artifactKey: Guid(7ab6e4a2975c3e44e87f0240d2fb5b12) Importer(815301076,1909f56bfc062723c751e8b465ee728b)
Start importing Assets/Art/Level/Buttons/Button_Unpressed_Green.png using Guid(7ab6e4a2975c3e44e87f0240d2fb5b12) Importer(815301076,1909f56bfc062723c751e8b465ee728b)  -> (artifact id: '5e2e0682c44a95543f19ffaee1b2b260') in 0.011689 seconds 
========================================================================
Received Import Request.
  Time since last request: 0.000016 seconds.
  path: Assets/Art/Level/Buttons/Button_Pressed_Green.png
  artifactKey: Guid(e8e380f2db3ea29428de7070081d219a) Importer(815301076,1909f56bfc062723c751e8b465ee728b)
Start importing Assets/Art/Level/Buttons/Button_Pressed_Green.png using Guid(e8e380f2db3ea29428de7070081d219a) Importer(815301076,1909f56bfc062723c751e8b465ee728b)  -> (artifact id: '6380f1fec314479425053399e98b4f34') in 0.021030 seconds 
========================================================================
Received Import Request.
  Time since last request: 0.000020 seconds.
  path: Assets/Art/Level/Buttons/Button_Pressed_Yellow.png
  artifactKey: Guid(2b97b66be8679d841bf3beef59de5deb) Importer(815301076,1909f56bfc062723c751e8b465ee728b)
Start importing Assets/Art/Level/Buttons/Button_Pressed_Yellow.png using Guid(2b97b66be8679d841bf3beef59de5deb) Importer(815301076,1909f56bfc062723c751e8b465ee728b)  -> (artifact id: '00a49b998fd00cdc44b45c634b57f49f') in 0.012846 seconds 
========================================================================
Received Import Request.
  Time since last request: 2.821494 seconds.
  path: Assets/Art/Level/Flame_Shooter/Flame_Shooter_Blue.png
  artifactKey: Guid(14ebf169ddfea3a4d91aa6e1014eb23f) Importer(815301076,1909f56bfc062723c751e8b465ee728b)
Start importing Assets/Art/Level/Flame_Shooter/Flame_Shooter_Blue.png using Guid(14ebf169ddfea3a4d91aa6e1014eb23f) Importer(815301076,1909f56bfc062723c751e8b465ee728b)  -> (artifact id: '22f29c8bccc81eb5609474fb08475e2b') in 0.012825 seconds 
========================================================================
Received Import Request.
  Time since last request: 0.000013 seconds.
  path: Assets/Art/Level/Flame_Shooter/Flame_Shooter_Green.png
  artifactKey: Guid(3055270651c14af47a986e9a169c0ddc) Importer(815301076,1909f56bfc062723c751e8b465ee728b)
Start importing Assets/Art/Level/Flame_Shooter/Flame_Shooter_Green.png using Guid(3055270651c14af47a986e9a169c0ddc) Importer(815301076,1909f56bfc062723c751e8b465ee728b)  -> (artifact id: '81e1126d398aee397f32f3de9f49590d') in 0.010632 seconds 
========================================================================
Received Import Request.
  Time since last request: 0.000015 seconds.
  path: Assets/Art/Level/Flame_Shooter/Flame_Shooter_Yellow.png
  artifactKey: Guid(b5f8a8df0a236ca41963d06cdaa4ce98) Importer(815301076,1909f56bfc062723c751e8b465ee728b)
Start importing Assets/Art/Level/Flame_Shooter/Flame_Shooter_Yellow.png using Guid(b5f8a8df0a236ca41963d06cdaa4ce98) Importer(815301076,1909f56bfc062723c751e8b465ee728b)  -> (artifact id: 'b9149641e38fa9eeafcf0250bab1f55e') in 0.015783 seconds 
========================================================================
Received Import Request.
  Time since last request: 3.754484 seconds.
  path: Assets/Art/Level/Flame_Shooter/Flame_Shooter_Green.png
  artifactKey: Guid(3055270651c14af47a986e9a169c0ddc) Importer(815301076,1909f56bfc062723c751e8b465ee728b)
Start importing Assets/Art/Level/Flame_Shooter/Flame_Shooter_Green.png using Guid(3055270651c14af47a986e9a169c0ddc) Importer(815301076,1909f56bfc062723c751e8b465ee728b)  -> (artifact id: '0047ad19e567bca1d91fcc537f90d6b6') in 0.011456 seconds 
========================================================================
Received Import Request.
  Time since last request: 1.240281 seconds.
  path: Assets/Art/Level/Tiles/SteelBlock.asset
  artifactKey: Guid(882eadb8366667a4e8b5cbaad93fffd3) Importer(815301076,1909f56bfc062723c751e8b465ee728b)
Start importing Assets/Art/Level/Tiles/SteelBlock.asset using Guid(882eadb8366667a4e8b5cbaad93fffd3) Importer(815301076,1909f56bfc062723c751e8b465ee728b)  -> (artifact id: 'cebf4ce9b3a387d34e85b38684fece0e') in 0.038822 seconds 
========================================================================
Received Import Request.
  Time since last request: 6.011660 seconds.
  path: Assets/Art/Level/Tiles/SteelBlock.asset
  artifactKey: Guid(882eadb8366667a4e8b5cbaad93fffd3) Importer(815301076,1909f56bfc062723c751e8b465ee728b)
Start importing Assets/Art/Level/Tiles/SteelBlock.asset using Guid(882eadb8366667a4e8b5cbaad93fffd3) Importer(815301076,1909f56bfc062723c751e8b465ee728b)  -> (artifact id: 'f96d3bcebaf59672bfffe239eef80b12') in 0.007667 seconds 
========================================================================
Received Import Request.
  Time since last request: 0.000018 seconds.
  path: Assets/Art/Level/Tiles/SteelBlock_sm.png
  artifactKey: Guid(82364ee6d478aeb418a1119ed2e021be) Importer(815301076,1909f56bfc062723c751e8b465ee728b)
Start importing Assets/Art/Level/Tiles/SteelBlock_sm.png using Guid(82364ee6d478aeb418a1119ed2e021be) Importer(815301076,1909f56bfc062723c751e8b465ee728b)  -> (artifact id: '82b3d2458a22c941824d26ed9be8c450') in 0.011254 seconds 
Editor requested this worker to shutdown with reason: Scaling down because of idle timeout
AssetImportWorker is now disconnected from the server
Process exiting
Exiting without the bug reporter. Application will terminate with return code 0